<?xml version="1.0" encoding="UTF-8"?>
<coverage generated="1569986114849" clover="3.2.0">
  <project timestamp="1569986114849" name="All files">
    <metrics statements="47" coveredstatements="47" conditionals="20" coveredconditionals="19" methods="13" coveredmethods="13" elements="80" coveredelements="79" complexity="0" loc="47" ncloc="47" packages="1" files="1" classes="1"/>
    <file name="index.ts" path="D:\Programming\just-enough-logger\src\index.ts">
      <metrics statements="47" coveredstatements="47" conditionals="20" coveredconditionals="19" methods="13" coveredmethods="13"/>
      <line num="1" count="1" type="stmt"/>
      <line num="2" count="1" type="stmt"/>
      <line num="19" count="1" type="stmt"/>
      <line num="20" count="12" type="stmt"/>
      <line num="26" count="12" type="stmt"/>
      <line num="31" count="12" type="cond" truecount="2" falsecount="0"/>
      <line num="32" count="10" type="stmt"/>
      <line num="42" count="1" type="stmt"/>
      <line num="43" count="2" type="stmt"/>
      <line num="46" count="1" type="stmt"/>
      <line num="47" count="22" type="stmt"/>
      <line num="50" count="1" type="stmt"/>
      <line num="51" count="25" type="stmt"/>
      <line num="54" count="1" type="stmt"/>
      <line num="55" count="13" type="stmt"/>
      <line num="58" count="1" type="stmt"/>
      <line num="59" count="10" type="stmt"/>
      <line num="60" count="10" type="cond" truecount="4" falsecount="0"/>
      <line num="61" count="8" type="stmt"/>
      <line num="65" count="1" type="stmt"/>
      <line num="66" count="7" type="stmt"/>
      <line num="67" count="7" type="cond" truecount="1" falsecount="1"/>
      <line num="68" count="7" type="stmt"/>
      <line num="72" count="1" type="stmt"/>
      <line num="73" count="9" type="stmt"/>
      <line num="76" count="1" type="stmt"/>
      <line num="77" count="22" type="stmt"/>
      <line num="80" count="1" type="stmt"/>
      <line num="81" count="5" type="stmt"/>
      <line num="82" count="5" type="cond" truecount="2" falsecount="0"/>
      <line num="83" count="3" type="stmt"/>
      <line num="85" count="5" type="cond" truecount="2" falsecount="0"/>
      <line num="86" count="3" type="stmt"/>
      <line num="90" count="1" type="stmt"/>
      <line num="91" count="4" type="stmt"/>
      <line num="92" count="4" type="cond" truecount="2" falsecount="0"/>
      <line num="93" count="3" type="stmt"/>
      <line num="95" count="4" type="cond" truecount="2" falsecount="0"/>
      <line num="96" count="2" type="stmt"/>
      <line num="100" count="1" type="stmt"/>
      <line num="101" count="4" type="stmt"/>
      <line num="102" count="4" type="cond" truecount="2" falsecount="0"/>
      <line num="103" count="3" type="stmt"/>
      <line num="105" count="4" type="cond" truecount="2" falsecount="0"/>
      <line num="106" count="2" type="stmt"/>
      <line num="109" count="1" type="stmt"/>
      <line num="111" count="1" type="stmt"/>
    </file>
  </project>
</coverage>
