{"D:\\Programming\\just-enough-logger\\src\\index.ts": {"path":"D:\\Programming\\just-enough-logger\\src\\index.ts","statementMap":{"0":{"start":{"line":1,"column":0},"end":{"line":1,"column":31}},"1":{"start":{"line":2,"column":0},"end":{"line":2,"column":58}},"2":{"start":{"line":19,"column":0},"end":{"line":19,"column":null}},"3":{"start":{"line":20,"column":2},"end":{"line":23,"column":4}},"4":{"start":{"line":26,"column":4},"end":{"line":29,"column":6}},"5":{"start":{"line":31,"column":4},"end":{"line":33,"column":null}},"6":{"start":{"line":32,"column":6},"end":{"line":32,"column":29}},"7":{"start":{"line":42,"column":9},"end":{"line":44,"column":null}},"8":{"start":{"line":43,"column":4},"end":{"line":43,"column":29}},"9":{"start":{"line":46,"column":10},"end":{"line":48,"column":null}},"10":{"start":{"line":47,"column":4},"end":{"line":47,"column":39}},"11":{"start":{"line":50,"column":10},"end":{"line":52,"column":null}},"12":{"start":{"line":51,"column":4},"end":{"line":51,"column":57}},"13":{"start":{"line":54,"column":10},"end":{"line":56,"column":null}},"14":{"start":{"line":55,"column":4},"end":{"line":55,"column":60}},"15":{"start":{"line":58,"column":10},"end":{"line":63,"column":null}},"16":{"start":{"line":59,"column":12},"end":{"line":59,"column":16}},"17":{"start":{"line":60,"column":4},"end":{"line":62,"column":null}},"18":{"start":{"line":61,"column":6},"end":{"line":61,"column":26}},"19":{"start":{"line":65,"column":10},"end":{"line":70,"column":null}},"20":{"start":{"line":66,"column":12},"end":{"line":66,"column":16}},"21":{"start":{"line":67,"column":4},"end":{"line":69,"column":null}},"22":{"start":{"line":68,"column":6},"end":{"line":68,"column":36}},"23":{"start":{"line":72,"column":10},"end":{"line":74,"column":null}},"24":{"start":{"line":73,"column":4},"end":{"line":73,"column":28}},"25":{"start":{"line":76,"column":9},"end":{"line":78,"column":null}},"26":{"start":{"line":77,"column":4},"end":{"line":77,"column":73}},"27":{"start":{"line":80,"column":10},"end":{"line":88,"column":null}},"28":{"start":{"line":81,"column":27},"end":{"line":81,"column":57}},"29":{"start":{"line":82,"column":4},"end":{"line":84,"column":null}},"30":{"start":{"line":83,"column":6},"end":{"line":83,"column":53}},"31":{"start":{"line":85,"column":4},"end":{"line":87,"column":null}},"32":{"start":{"line":86,"column":6},"end":{"line":86,"column":43}},"33":{"start":{"line":90,"column":9},"end":{"line":92,"column":null}},"34":{"start":{"line":91,"column":4},"end":{"line":91,"column":34}},"35":{"start":{"line":94,"column":9},"end":{"line":96,"column":null}},"36":{"start":{"line":95,"column":4},"end":{"line":95,"column":34}},"37":{"start":{"line":98,"column":9},"end":{"line":100,"column":null}},"38":{"start":{"line":99,"column":4},"end":{"line":99,"column":35}},"39":{"start":{"line":101,"column":0},"end":{"line":101,"column":null}},"40":{"start":{"line":103,"column":0},"end":{"line":103,"column":22}}},"fnMap":{"0":{"name":"(anonymous_0)","decl":{"start":{"line":19,"column":0},"end":{"line":19,"column":null}},"loc":{"start":{"line":19,"column":0},"end":{"line":101,"column":null}}},"1":{"name":"Logger","decl":{"start":{"line":25,"column":2},"end":{"line":25,"column":14}},"loc":{"start":{"line":25,"column":38},"end":{"line":34,"column":3}}},"2":{"name":"(anonymous_2)","decl":{"start":{"line":42,"column":2},"end":{"line":42,"column":9}},"loc":{"start":{"line":42,"column":2},"end":{"line":44,"column":3}}},"3":{"name":"(anonymous_3)","decl":{"start":{"line":46,"column":2},"end":{"line":46,"column":10}},"loc":{"start":{"line":46,"column":2},"end":{"line":48,"column":3}}},"4":{"name":"(anonymous_4)","decl":{"start":{"line":50,"column":2},"end":{"line":50,"column":10}},"loc":{"start":{"line":50,"column":2},"end":{"line":52,"column":3}}},"5":{"name":"(anonymous_5)","decl":{"start":{"line":54,"column":2},"end":{"line":54,"column":10}},"loc":{"start":{"line":54,"column":2},"end":{"line":56,"column":3}}},"6":{"name":"(anonymous_6)","decl":{"start":{"line":58,"column":2},"end":{"line":58,"column":10}},"loc":{"start":{"line":58,"column":2},"end":{"line":63,"column":3}}},"7":{"name":"(anonymous_7)","decl":{"start":{"line":65,"column":2},"end":{"line":65,"column":10}},"loc":{"start":{"line":65,"column":39},"end":{"line":70,"column":3}}},"8":{"name":"(anonymous_8)","decl":{"start":{"line":72,"column":2},"end":{"line":72,"column":10}},"loc":{"start":{"line":72,"column":56},"end":{"line":74,"column":3}}},"9":{"name":"(anonymous_9)","decl":{"start":{"line":76,"column":2},"end":{"line":76,"column":9}},"loc":{"start":{"line":76,"column":48},"end":{"line":78,"column":3}}},"10":{"name":"(anonymous_10)","decl":{"start":{"line":80,"column":2},"end":{"line":80,"column":10}},"loc":{"start":{"line":80,"column":47},"end":{"line":88,"column":3}}},"11":{"name":"(anonymous_11)","decl":{"start":{"line":90,"column":2},"end":{"line":90,"column":9}},"loc":{"start":{"line":90,"column":29},"end":{"line":92,"column":3}}},"12":{"name":"(anonymous_12)","decl":{"start":{"line":94,"column":2},"end":{"line":94,"column":9}},"loc":{"start":{"line":94,"column":29},"end":{"line":96,"column":3}}},"13":{"name":"(anonymous_13)","decl":{"start":{"line":98,"column":2},"end":{"line":98,"column":9}},"loc":{"start":{"line":98,"column":30},"end":{"line":100,"column":3}}}},"branchMap":{"0":{"loc":{"start":{"line":31,"column":4},"end":{"line":33,"column":null}},"type":"if","locations":[{"start":{"line":31,"column":4},"end":{"line":33,"column":null}},{"start":{"line":31,"column":4},"end":{"line":33,"column":null}}]},"1":{"loc":{"start":{"line":60,"column":4},"end":{"line":62,"column":null}},"type":"if","locations":[{"start":{"line":60,"column":4},"end":{"line":62,"column":null}},{"start":{"line":60,"column":4},"end":{"line":62,"column":null}}]},"2":{"loc":{"start":{"line":60,"column":8},"end":{"line":60,"column":12}},"type":"binary-expr","locations":[{"start":{"line":60,"column":8},"end":{"line":60,"column":12}},{"start":{"line":60,"column":16},"end":{"line":60,"column":33}}]},"3":{"loc":{"start":{"line":67,"column":4},"end":{"line":69,"column":null}},"type":"if","locations":[{"start":{"line":67,"column":4},"end":{"line":69,"column":null}},{"start":{"line":67,"column":4},"end":{"line":69,"column":null}}]},"4":{"loc":{"start":{"line":82,"column":4},"end":{"line":84,"column":null}},"type":"if","locations":[{"start":{"line":82,"column":4},"end":{"line":84,"column":null}},{"start":{"line":82,"column":4},"end":{"line":84,"column":null}}]},"5":{"loc":{"start":{"line":85,"column":4},"end":{"line":87,"column":null}},"type":"if","locations":[{"start":{"line":85,"column":4},"end":{"line":87,"column":null}},{"start":{"line":85,"column":4},"end":{"line":87,"column":null}}]}},"s":{"0":1,"1":1,"2":1,"3":12,"4":12,"5":12,"6":10,"7":1,"8":2,"9":1,"10":22,"11":1,"12":25,"13":1,"14":13,"15":1,"16":10,"17":10,"18":8,"19":1,"20":7,"21":7,"22":7,"23":1,"24":9,"25":1,"26":22,"27":1,"28":13,"29":13,"30":9,"31":13,"32":7,"33":1,"34":5,"35":1,"36":4,"37":1,"38":4,"39":1,"40":1},"f":{"0":1,"1":12,"2":2,"3":22,"4":25,"5":13,"6":10,"7":7,"8":9,"9":22,"10":13,"11":5,"12":4,"13":4},"b":{"0":[10,2],"1":[8,2],"2":[10,9],"3":[7,0],"4":[9,4],"5":[7,6]}}
}
