TN:
SF:D:\Programming\just-enough-logger\src\index.ts
FN:19,(anonymous_0)
FN:25,Logger
FN:42,(anonymous_2)
FN:46,(anonymous_3)
FN:50,(anonymous_4)
FN:54,(anonymous_5)
FN:58,(anonymous_6)
FN:65,(anonymous_7)
FN:72,(anonymous_8)
FN:76,(anonymous_9)
FN:80,(anonymous_10)
FN:90,(anonymous_11)
FN:94,(anonymous_12)
FN:98,(anonymous_13)
FNF:14
FNH:14
FNDA:1,(anonymous_0)
FNDA:12,Logger
FNDA:2,(anonymous_2)
FNDA:22,(anonymous_3)
FNDA:25,(anonymous_4)
FNDA:13,(anonymous_5)
FNDA:10,(anonymous_6)
FNDA:7,(anonymous_7)
FNDA:9,(anonymous_8)
FNDA:22,(anonymous_9)
FNDA:13,(anonymous_10)
FNDA:5,(anonymous_11)
FNDA:4,(anonymous_12)
FNDA:4,(anonymous_13)
DA:1,1
DA:2,1
DA:19,1
DA:20,12
DA:26,12
DA:31,12
DA:32,10
DA:42,1
DA:43,2
DA:46,1
DA:47,22
DA:50,1
DA:51,25
DA:54,1
DA:55,13
DA:58,1
DA:59,10
DA:60,10
DA:61,8
DA:65,1
DA:66,7
DA:67,7
DA:68,7
DA:72,1
DA:73,9
DA:76,1
DA:77,22
DA:80,1
DA:81,13
DA:82,13
DA:83,9
DA:85,13
DA:86,7
DA:90,1
DA:91,5
DA:94,1
DA:95,4
DA:98,1
DA:99,4
DA:101,1
DA:103,1
LF:41
LH:41
BRDA:31,0,0,10
BRDA:31,0,1,2
BRDA:60,1,0,8
BRDA:60,1,1,2
BRDA:60,2,0,10
BRDA:60,2,1,9
BRDA:67,3,0,7
BRDA:67,3,1,0
BRDA:82,4,0,9
BRDA:82,4,1,4
BRDA:85,5,0,7
BRDA:85,5,1,6
BRF:12
BRH:11
end_of_record
