TN:
SF:D:\Programming\just-enough-logger\src\index.ts
FN:19,(anonymous_0)
FN:25,Logger
FN:42,(anonymous_2)
FN:46,(anonymous_3)
FN:50,(anonymous_4)
FN:54,(anonymous_5)
FN:58,(anonymous_6)
FN:65,(anonymous_7)
FN:72,(anonymous_8)
FN:76,(anonymous_9)
FN:80,(anonymous_10)
FN:90,(anonymous_11)
FN:100,(anonymous_12)
FNF:13
FNH:13
FNDA:1,(anonymous_0)
FNDA:12,Logger
FNDA:2,(anonymous_2)
FNDA:22,(anonymous_3)
FNDA:25,(anonymous_4)
FNDA:13,(anonymous_5)
FNDA:10,(anonymous_6)
FNDA:7,(anonymous_7)
FNDA:9,(anonymous_8)
FNDA:22,(anonymous_9)
FNDA:5,(anonymous_10)
FNDA:4,(anonymous_11)
FNDA:4,(anonymous_12)
DA:1,1
DA:2,1
DA:19,1
DA:20,12
DA:26,12
DA:31,12
DA:32,10
DA:42,1
DA:43,2
DA:46,1
DA:47,22
DA:50,1
DA:51,25
DA:54,1
DA:55,13
DA:58,1
DA:59,10
DA:60,10
DA:61,8
DA:65,1
DA:66,7
DA:67,7
DA:68,7
DA:72,1
DA:73,9
DA:76,1
DA:77,22
DA:80,1
DA:81,5
DA:82,5
DA:83,3
DA:85,5
DA:86,3
DA:90,1
DA:91,4
DA:92,4
DA:93,3
DA:95,4
DA:96,2
DA:100,1
DA:101,4
DA:102,4
DA:103,3
DA:105,4
DA:106,2
DA:109,1
DA:111,1
LF:47
LH:47
BRDA:31,0,0,10
BRDA:31,0,1,2
BRDA:60,1,0,8
BRDA:60,1,1,2
BRDA:60,2,0,10
BRDA:60,2,1,9
BRDA:67,3,0,7
BRDA:67,3,1,0
BRDA:82,4,0,3
BRDA:82,4,1,2
BRDA:85,5,0,3
BRDA:85,5,1,2
BRDA:92,6,0,3
BRDA:92,6,1,1
BRDA:95,7,0,2
BRDA:95,7,1,2
BRDA:102,8,0,3
BRDA:102,8,1,1
BRDA:105,9,0,2
BRDA:105,9,1,2
BRF:20
BRH:19
end_of_record
